{"C:\\Users\\Admin\\Documents\\Decagon\\Institute\\indefinite-sum\\sum_indefinite.js": {"path":"C:\\Users\\Admin\\Documents\\Decagon\\Institute\\indefinite-sum\\sum_indefinite.js","statementMap":{"0":{"start":{"line":2,"column":4},"end":{"line":2,"column":25}},"1":{"start":{"line":5,"column":0},"end":{"line":5,"column":32}}},"fnMap":{"0":{"name":"sum_indefinite","decl":{"start":{"line":1,"column":9},"end":{"line":1,"column":23}},"loc":{"start":{"line":1,"column":28},"end":{"line":3,"column":1}},"line":1}},"branchMap":{},"s":{"0":3,"1":1},"f":{"0":3},"b":{},"_coverageSchema":"43e27e138ebf9cfc5966b082cf9a028302ed4184","hash":"b436af1a9c2510f1d85ce2a1d547f8a9442ca33c"}
}
